<?xml version="1.0" encoding="UTF-8"?>
<!-- Generated by org.testng.reporters.JUnitXMLReporter -->
<testsuite ignored="0" hostname="DESKTOP-OPRE30T" failures="0" tests="12" name="Default test" time="50.274" errors="0" timestamp="2024-10-03T21:52:32 IST">
  <testcase classname="org.flipkart.tests.SearchTest" name="verifyPresenceOfSearchOptions" time="0.288"/>
  <testcase classname="org.flipkart.tests.SearchTest" name="verifySearchWithValidInput" time="3.888"/>
  <testcase classname="org.flipkart.tests.SearchTest" name="verifySearchWithInvalidInput" time="4.461"/>
  <testcase classname="org.flipkart.tests.SearchTest" name="verifySearchWithSpecialCharacters" time="6.206"/>
  <testcase classname="org.flipkart.tests.SearchTest" name="verifySearchWithoutInput" time="2.403"/>
  <testcase classname="org.flipkart.tests.SearchTest" name="verifyRecentSearchAvailability" time="5.127"/>
  <testcase classname="org.flipkart.tests.SearchTest" name="verifyProductSuggestionWithPartialName" time="2.135"/>
  <testcase classname="org.flipkart.tests.SearchTest" name="verifyNavigationToSuggestion" time="3.979"/>
  <testcase classname="org.flipkart.tests.SearchTest" name="verifySearchResultAfterApplyingFilter" time="2.868"/>
  <testcase classname="org.flipkart.tests.SearchTest" name="verifySearchResultAfterRemovingFilter" time="2.526"/>
  <testcase classname="org.flipkart.tests.SearchTest" name="verifySearchResultAfterApplyingSort" time="7.041"/>
  <testcase classname="org.flipkart.tests.SearchTest" name="verifyNavigationToMultiplePagesForSearchItems" time="9.285"/>
</testsuite> <!-- Default test -->
