<?xml version="1.0" encoding="UTF-8"?>
<!-- Generated by org.testng.reporters.JUnitXMLReporter -->
<testsuite ignored="0" hostname="DESKTOP-OPRE30T" failures="0" tests="9" name="Default test" time="59.634" errors="0" timestamp="2024-07-19T12:11:56 IST">
  <testcase classname="org.flipkart.tests.HeaderNavigationTest" name="verifyFlipkartHomeNavigation" time="5.376"/>
  <testcase classname="org.flipkart.tests.HeaderNavigationTest" name="verifyFlipkartPlusNavigation" time="6.053"/>
  <testcase classname="org.flipkart.tests.HeaderNavigationTest" name="verifyLoginPageNavigation" time="8.484"/>
  <testcase classname="org.flipkart.tests.HeaderNavigationTest" name="verifyCartNavigation" time="6.031"/>
  <testcase classname="org.flipkart.tests.HeaderNavigationTest" name="verifyBecomeASellerNavigation" time="10.077"/>
  <testcase classname="org.flipkart.tests.HeaderNavigationTest" name="verifyNotificationPreferenceNavigation" time="5.483"/>
  <testcase classname="org.flipkart.tests.HeaderNavigationTest" name="verifyCustomerCarePageNavigation" time="5.767"/>
  <testcase classname="org.flipkart.tests.HeaderNavigationTest" name="verifyAdvertisePageNavigation" time="6.956"/>
  <testcase classname="org.flipkart.tests.HeaderNavigationTest" name="verifyDownloadAppPageNavigation" time="5.33"/>
</testsuite> <!-- Default test -->
