<?xml version="1.0" encoding="UTF-8"?>
<!-- Generated by org.testng.reporters.JUnitXMLReporter -->
<testsuite ignored="4" hostname="DESKTOP-OPRE30T" failures="0" tests="23" name="Test" time="116.053" errors="0" timestamp="2024-10-03T21:54:53 IST">
  <testcase classname="org.flipkart.tests.LoginPopupTest" name="verifyPresenceOfLoginPopup" time="10.336"/>
  <testcase classname="org.flipkart.tests.LoginPopupTest" name="closeLoginPopup" time="10.03"/>
  <testcase classname="org.flipkart.tests.HeaderNavigationTest" name="verifyFlipkartHomeNavigation" time="3.086"/>
  <testcase classname="org.flipkart.tests.HeaderNavigationTest" name="verifyFlipkartPlusNavigation" time="3.102"/>
  <testcase classname="org.flipkart.tests.HeaderNavigationTest" name="verifyLoginPageNavigation" time="7.55"/>
  <testcase classname="org.flipkart.tests.HeaderNavigationTest" name="verifyCartNavigation" time="5.921"/>
  <testcase classname="org.flipkart.tests.HeaderNavigationTest" name="verifyBecomeASellerNavigation" time="8.226"/>
  <testcase classname="org.flipkart.tests.HeaderNavigationTest" name="verifyNotificationPreferenceNavigation" time="5.3"/>
  <testcase classname="org.flipkart.tests.HeaderNavigationTest" name="verifyCustomerCarePageNavigation" time="5.55"/>
  <testcase classname="org.flipkart.tests.HeaderNavigationTest" name="verifyAdvertisePageNavigation" time="5.915"/>
  <testcase classname="org.flipkart.tests.HeaderNavigationTest" name="verifyDownloadAppPageNavigation" time="5.59"/>
  <testcase classname="org.flipkart.tests.SearchTest" name="verifyPresenceOfSearchOptions" time="0.103"/>
  <testcase classname="org.flipkart.tests.SearchTest" name="verifySearchWithValidInput" time="3.837"/>
  <testcase classname="org.flipkart.tests.SearchTest" name="verifySearchWithInvalidInput" time="3.927"/>
  <testcase classname="org.flipkart.tests.SearchTest" name="verifySearchWithSpecialCharacters" time="3.885"/>
  <testcase classname="org.flipkart.tests.SearchTest" name="verifySearchWithoutInput" time="1.891"/>
  <testcase classname="org.flipkart.tests.SearchTest" name="verifyRecentSearchAvailability" time="5.922"/>
  <testcase classname="org.flipkart.tests.SearchTest" name="verifyProductSuggestionWithPartialName" time="1.909"/>
  <testcase classname="org.flipkart.tests.SearchTest" name="verifyNavigationToSuggestion" time="4.248"/>
  <testcase classname="org.flipkart.tests.SearchTest" name="verifySearchResultAfterApplyingFilter" time="2.399"/>
  <testcase classname="org.flipkart.tests.SearchTest" name="verifySearchResultAfterRemovingFilter" time="2.067"/>
  <testcase classname="org.flipkart.tests.SearchTest" name="verifySearchResultAfterApplyingSort" time="6.48"/>
  <testcase classname="org.flipkart.tests.SearchTest" name="verifyNavigationToMultiplePagesForSearchItems" time="6.763"/>
  <testcase classname="org.flipkart.setup.BaseTest" name="@BeforeSuite beforeClass" time="0.0">
    <ignored/>
  </testcase> <!-- @BeforeSuite beforeClass -->
  <testcase classname="org.flipkart.setup.BaseTest" name="@BeforeSuite beforeClass" time="0.0">
    <ignored/>
  </testcase> <!-- @BeforeSuite beforeClass -->
  <testcase classname="org.flipkart.setup.BaseTest" name="@AfterSuite afterClass" time="0.0">
    <ignored/>
  </testcase> <!-- @AfterSuite afterClass -->
  <testcase classname="org.flipkart.setup.BaseTest" name="@AfterSuite afterClass" time="0.0">
    <ignored/>
  </testcase> <!-- @AfterSuite afterClass -->
</testsuite> <!-- Test -->
