<?xml version="1.0" encoding="UTF-8"?>
<testng-results ignored="0" total="1" passed="1" failed="0" skipped="0">
  <reporter-output>
  </reporter-output>
  <suite started-at="2024-05-31T00:09:53 IST" name="Suite" finished-at="2024-05-31T00:10:00 IST" duration-ms="7165">
    <groups>
    </groups>
    <test started-at="2024-05-31T00:09:53 IST" name="Test" finished-at="2024-05-31T00:10:00 IST" duration-ms="7165">
      <class name="org.flipkart.tests.HomePageTest">
        <test-method is-config="true" signature="beforeClass()[pri:0, instance:org.flipkart.tests.HomePageTest@4fb61f4a]" started-at="2024-05-31T00:09:53 IST" name="beforeClass" finished-at="2024-05-31T00:09:58 IST" duration-ms="4471" status="PASS">
          <reporter-output>
          </reporter-output>
        </test-method> <!-- beforeClass -->
        <test-method signature="test()[pri:0, instance:org.flipkart.tests.HomePageTest@4fb61f4a]" started-at="2024-05-31T00:09:58 IST" name="test" finished-at="2024-05-31T00:10:00 IST" duration-ms="2422" status="PASS">
          <reporter-output>
          </reporter-output>
        </test-method> <!-- test -->
        <test-method is-config="true" signature="afterClass()[pri:0, instance:org.flipkart.tests.HomePageTest@4fb61f4a]" started-at="2024-05-31T00:10:00 IST" name="afterClass" finished-at="2024-05-31T00:10:00 IST" duration-ms="215" status="PASS">
          <reporter-output>
          </reporter-output>
        </test-method> <!-- afterClass -->
      </class> <!-- org.flipkart.tests.HomePageTest -->
    </test> <!-- Test -->
  </suite> <!-- Suite -->
</testng-results>
