<?xml version="1.0" encoding="UTF-8"?>
<testng-results ignored="0" total="1" passed="1" failed="0" skipped="0">
  <reporter-output>
  </reporter-output>
  <suite started-at="2024-05-29T00:36:26 IST" name="Default suite" finished-at="2024-05-29T00:36:33 IST" duration-ms="7196">
    <groups>
    </groups>
    <test started-at="2024-05-29T00:36:26 IST" name="Default test" finished-at="2024-05-29T00:36:33 IST" duration-ms="7196">
      <class name="org.flipkart.tests.HomePageTest">
        <test-method is-config="true" signature="beforeClass()[pri:0, instance:org.flipkart.tests.HomePageTest@72e5a8e]" started-at="2024-05-29T00:36:26 IST" name="beforeClass" finished-at="2024-05-29T00:36:31 IST" duration-ms="4767" status="PASS">
          <reporter-output>
          </reporter-output>
        </test-method> <!-- beforeClass -->
        <test-method signature="test()[pri:0, instance:org.flipkart.tests.HomePageTest@72e5a8e]" started-at="2024-05-29T00:36:31 IST" name="test" finished-at="2024-05-29T00:36:33 IST" duration-ms="2393" status="PASS">
          <reporter-output>
          </reporter-output>
        </test-method> <!-- test -->
      </class> <!-- org.flipkart.tests.HomePageTest -->
    </test> <!-- Default test -->
  </suite> <!-- Default suite -->
</testng-results>
